2022-02-23 10:25:05,375 INFO org.springframework.orm.jpa.AbstractEntityManagerFactoryBean [Thread-4] Closing JPA EntityManagerFactory for persistence unit 'default'
2022-02-23 10:25:05,384 INFO com.zaxxer.hikari.HikariDataSource [Thread-4] HikariPool-1 - Shutdown initiated...
2022-02-23 10:25:05,390 INFO com.zaxxer.hikari.HikariDataSource [Thread-4] HikariPool-1 - Shutdown completed.
2022-02-23 10:25:05,602 INFO org.springframework.boot.StartupInfoLogger [restartedMain] Starting TarjetaSalarioApplication using Java 17.0.1 on LAPTOP-75B37IE4 with PID 16748 (D:\IBM - Academia Java\ProyectoTarjetas\TarjetaSalario\target\classes started by carli in D:\IBM - Academia Java\ProyectoTarjetas\TarjetaSalario)
2022-02-23 10:25:05,603 INFO org.springframework.boot.SpringApplication [restartedMain] No active profile set, falling back to default profiles: default
2022-02-23 10:25:06,200 INFO org.springframework.data.repository.config.RepositoryConfigurationDelegate [restartedMain] Bootstrapping Spring Data JPA repositories in DEFAULT mode.
2022-02-23 10:25:06,218 INFO org.springframework.data.repository.config.RepositoryConfigurationDelegate [restartedMain] Finished Spring Data repository scanning in 18 ms. Found 2 JPA repository interfaces.
2022-02-23 10:25:06,400 INFO org.springframework.boot.web.embedded.tomcat.TomcatWebServer [restartedMain] Tomcat initialized with port(s): 9081 (http)
2022-02-23 10:25:06,402 INFO org.apache.juli.logging.DirectJDKLog [restartedMain] Initializing ProtocolHandler ["http-nio-9081"]
2022-02-23 10:25:06,402 INFO org.apache.juli.logging.DirectJDKLog [restartedMain] Starting service [Tomcat]
2022-02-23 10:25:06,403 INFO org.apache.juli.logging.DirectJDKLog [restartedMain] Starting Servlet engine: [Apache Tomcat/9.0.56]
2022-02-23 10:25:06,442 INFO org.apache.juli.logging.DirectJDKLog [restartedMain] Initializing Spring embedded WebApplicationContext
2022-02-23 10:25:06,442 INFO org.springframework.boot.web.servlet.context.ServletWebServerApplicationContext [restartedMain] Root WebApplicationContext: initialization completed in 833 ms
2022-02-23 10:25:06,507 INFO org.hibernate.jpa.internal.util.LogHelper [restartedMain] HHH000204: Processing PersistenceUnitInfo [name: default]
2022-02-23 10:25:06,543 INFO com.zaxxer.hikari.HikariDataSource [restartedMain] HikariPool-2 - Starting...
2022-02-23 10:25:06,614 INFO com.zaxxer.hikari.HikariDataSource [restartedMain] HikariPool-2 - Start completed.
2022-02-23 10:25:06,615 INFO org.hibernate.dialect.Dialect [restartedMain] HHH000400: Using dialect: org.hibernate.dialect.PostgreSQL10Dialect
2022-02-23 10:25:06,843 INFO org.hibernate.engine.transaction.jta.platform.internal.JtaPlatformInitiator [restartedMain] HHH000490: Using JtaPlatform implementation: [org.hibernate.engine.transaction.jta.platform.internal.NoJtaPlatform]
2022-02-23 10:25:06,844 INFO org.springframework.orm.jpa.AbstractEntityManagerFactoryBean [restartedMain] Initialized JPA EntityManagerFactory for persistence unit 'default'
2022-02-23 10:25:07,060 WARN org.springframework.boot.autoconfigure.orm.jpa.JpaBaseConfiguration$JpaWebConfiguration [restartedMain] spring.jpa.open-in-view is enabled by default. Therefore, database queries may be performed during view rendering. Explicitly configure spring.jpa.open-in-view to disable this warning
2022-02-23 10:25:07,194 INFO org.springframework.boot.devtools.autoconfigure.OptionalLiveReloadServer [restartedMain] LiveReload server is running on port 35729
2022-02-23 10:25:07,289 INFO org.apache.juli.logging.DirectJDKLog [restartedMain] Starting ProtocolHandler ["http-nio-9081"]
2022-02-23 10:25:07,294 INFO org.springframework.boot.web.embedded.tomcat.TomcatWebServer [restartedMain] Tomcat started on port(s): 9081 (http) with context path '/api/v1/tarjetas'
2022-02-23 10:25:07,451 INFO org.springframework.boot.StartupInfoLogger [restartedMain] Started TarjetaSalarioApplication in 1.944 seconds (JVM running for 71.277)
2022-02-23 10:25:07,455 INFO org.springframework.boot.devtools.autoconfigure.ConditionEvaluationDeltaLoggingListener [restartedMain] Condition evaluation unchanged
2022-02-23 10:25:20,013 INFO org.springframework.orm.jpa.AbstractEntityManagerFactoryBean [Thread-7] Closing JPA EntityManagerFactory for persistence unit 'default'
2022-02-23 10:25:20,014 INFO com.zaxxer.hikari.HikariDataSource [Thread-7] HikariPool-2 - Shutdown initiated...
2022-02-23 10:25:20,017 INFO com.zaxxer.hikari.HikariDataSource [Thread-7] HikariPool-2 - Shutdown completed.
2022-02-23 10:25:20,135 INFO org.springframework.boot.StartupInfoLogger [restartedMain] Starting TarjetaSalarioApplication using Java 17.0.1 on LAPTOP-75B37IE4 with PID 16748 (D:\IBM - Academia Java\ProyectoTarjetas\TarjetaSalario\target\classes started by carli in D:\IBM - Academia Java\ProyectoTarjetas\TarjetaSalario)
2022-02-23 10:25:20,136 INFO org.springframework.boot.SpringApplication [restartedMain] No active profile set, falling back to default profiles: default
2022-02-23 10:25:20,772 INFO org.springframework.data.repository.config.RepositoryConfigurationDelegate [restartedMain] Bootstrapping Spring Data JPA repositories in DEFAULT mode.
2022-02-23 10:25:20,789 INFO org.springframework.data.repository.config.RepositoryConfigurationDelegate [restartedMain] Finished Spring Data repository scanning in 17 ms. Found 2 JPA repository interfaces.
2022-02-23 10:25:20,919 INFO org.springframework.boot.web.embedded.tomcat.TomcatWebServer [restartedMain] Tomcat initialized with port(s): 9081 (http)
2022-02-23 10:25:20,920 INFO org.apache.juli.logging.DirectJDKLog [restartedMain] Initializing ProtocolHandler ["http-nio-9081"]
2022-02-23 10:25:20,920 INFO org.apache.juli.logging.DirectJDKLog [restartedMain] Starting service [Tomcat]
2022-02-23 10:25:20,920 INFO org.apache.juli.logging.DirectJDKLog [restartedMain] Starting Servlet engine: [Apache Tomcat/9.0.56]
2022-02-23 10:25:20,953 INFO org.apache.juli.logging.DirectJDKLog [restartedMain] Initializing Spring embedded WebApplicationContext
2022-02-23 10:25:20,953 INFO org.springframework.boot.web.servlet.context.ServletWebServerApplicationContext [restartedMain] Root WebApplicationContext: initialization completed in 813 ms
2022-02-23 10:25:20,993 INFO org.hibernate.jpa.internal.util.LogHelper [restartedMain] HHH000204: Processing PersistenceUnitInfo [name: default]
