2022-02-23 10:41:05,329 INFO org.springframework.orm.jpa.AbstractEntityManagerFactoryBean [Thread-27] Closing JPA EntityManagerFactory for persistence unit 'default'
2022-02-23 10:41:05,333 INFO com.zaxxer.hikari.HikariDataSource [Thread-27] HikariPool-7 - Shutdown initiated...
2022-02-23 10:41:05,336 INFO com.zaxxer.hikari.HikariDataSource [Thread-27] HikariPool-7 - Shutdown completed.
2022-02-23 10:41:05,464 INFO org.springframework.boot.StartupInfoLogger [restartedMain] Starting TarjetaSalarioApplication using Java 17.0.1 on LAPTOP-75B37IE4 with PID 16748 (D:\IBM - Academia Java\ProyectoTarjetas\TarjetaSalario\target\classes started by carli in D:\IBM - Academia Java\ProyectoTarjetas\TarjetaSalario)
2022-02-23 10:41:05,465 INFO org.springframework.boot.SpringApplication [restartedMain] No active profile set, falling back to default profiles: default
2022-02-23 10:41:05,844 INFO org.springframework.data.repository.config.RepositoryConfigurationDelegate [restartedMain] Bootstrapping Spring Data JPA repositories in DEFAULT mode.
2022-02-23 10:41:05,860 INFO org.springframework.data.repository.config.RepositoryConfigurationDelegate [restartedMain] Finished Spring Data repository scanning in 15 ms. Found 2 JPA repository interfaces.
2022-02-23 10:41:05,974 INFO org.springframework.boot.web.embedded.tomcat.TomcatWebServer [restartedMain] Tomcat initialized with port(s): 9081 (http)
2022-02-23 10:41:05,976 INFO org.apache.juli.logging.DirectJDKLog [restartedMain] Initializing ProtocolHandler ["http-nio-9081"]
2022-02-23 10:41:05,976 INFO org.apache.juli.logging.DirectJDKLog [restartedMain] Starting service [Tomcat]
2022-02-23 10:41:05,976 INFO org.apache.juli.logging.DirectJDKLog [restartedMain] Starting Servlet engine: [Apache Tomcat/9.0.56]
2022-02-23 10:41:06,009 INFO org.apache.juli.logging.DirectJDKLog [restartedMain] Initializing Spring embedded WebApplicationContext
2022-02-23 10:41:06,009 INFO org.springframework.boot.web.servlet.context.ServletWebServerApplicationContext [restartedMain] Root WebApplicationContext: initialization completed in 541 ms
2022-02-23 10:41:06,080 INFO org.hibernate.jpa.internal.util.LogHelper [restartedMain] HHH000204: Processing PersistenceUnitInfo [name: default]
2022-02-23 10:41:06,088 INFO com.zaxxer.hikari.HikariDataSource [restartedMain] HikariPool-8 - Starting...
2022-02-23 10:41:06,162 INFO com.zaxxer.hikari.HikariDataSource [restartedMain] HikariPool-8 - Start completed.
2022-02-23 10:41:06,162 INFO org.hibernate.dialect.Dialect [restartedMain] HHH000400: Using dialect: org.hibernate.dialect.PostgreSQL10Dialect
2022-02-23 10:41:06,406 INFO org.hibernate.engine.transaction.jta.platform.internal.JtaPlatformInitiator [restartedMain] HHH000490: Using JtaPlatform implementation: [org.hibernate.engine.transaction.jta.platform.internal.NoJtaPlatform]
2022-02-23 10:41:06,406 INFO org.springframework.orm.jpa.AbstractEntityManagerFactoryBean [restartedMain] Initialized JPA EntityManagerFactory for persistence unit 'default'
2022-02-23 10:41:06,589 WARN org.springframework.boot.autoconfigure.orm.jpa.JpaBaseConfiguration$JpaWebConfiguration [restartedMain] spring.jpa.open-in-view is enabled by default. Therefore, database queries may be performed during view rendering. Explicitly configure spring.jpa.open-in-view to disable this warning
2022-02-23 10:41:06,677 INFO org.springframework.boot.devtools.autoconfigure.OptionalLiveReloadServer [restartedMain] LiveReload server is running on port 35729
2022-02-23 10:41:06,771 INFO org.apache.juli.logging.DirectJDKLog [restartedMain] Starting ProtocolHandler ["http-nio-9081"]
2022-02-23 10:41:06,774 INFO org.springframework.boot.web.embedded.tomcat.TomcatWebServer [restartedMain] Tomcat started on port(s): 9081 (http) with context path '/api/v1/tarjetas'
2022-02-23 10:41:06,874 INFO org.springframework.boot.StartupInfoLogger [restartedMain] Started TarjetaSalarioApplication in 1.458 seconds (JVM running for 1030.7)
2022-02-23 10:41:06,876 INFO org.springframework.boot.devtools.autoconfigure.ConditionEvaluationDeltaLoggingListener [restartedMain] Condition evaluation unchanged
2022-02-23 10:41:15,405 INFO org.apache.juli.logging.DirectJDKLog [http-nio-9081-exec-2] Initializing Spring DispatcherServlet 'dispatcherServlet'
2022-02-23 10:41:15,405 INFO org.springframework.web.servlet.FrameworkServlet [http-nio-9081-exec-2] Initializing Servlet 'dispatcherServlet'
2022-02-23 10:41:15,407 INFO org.springframework.web.servlet.FrameworkServlet [http-nio-9081-exec-2] Completed initialization in 1 ms
2022-02-23 10:45:32,875 INFO org.springframework.orm.jpa.AbstractEntityManagerFactoryBean [Thread-31] Closing JPA EntityManagerFactory for persistence unit 'default'
2022-02-23 10:45:32,877 INFO com.zaxxer.hikari.HikariDataSource [Thread-31] HikariPool-8 - Shutdown initiated...
2022-02-23 10:45:32,894 INFO com.zaxxer.hikari.HikariDataSource [Thread-31] HikariPool-8 - Shutdown completed.
2022-02-23 10:45:33,030 INFO org.springframework.boot.StartupInfoLogger [restartedMain] Starting TarjetaSalarioApplication using Java 17.0.1 on LAPTOP-75B37IE4 with PID 16748 (D:\IBM - Academia Java\ProyectoTarjetas\TarjetaSalario\target\classes started by carli in D:\IBM - Academia Java\ProyectoTarjetas\TarjetaSalario)
2022-02-23 10:45:33,030 INFO org.springframework.boot.SpringApplication [restartedMain] No active profile set, falling back to default profiles: default
2022-02-23 10:45:33,419 INFO org.springframework.data.repository.config.RepositoryConfigurationDelegate [restartedMain] Bootstrapping Spring Data JPA repositories in DEFAULT mode.
2022-02-23 10:45:33,435 INFO org.springframework.data.repository.config.RepositoryConfigurationDelegate [restartedMain] Finished Spring Data repository scanning in 15 ms. Found 2 JPA repository interfaces.
2022-02-23 10:45:33,584 INFO org.springframework.boot.web.embedded.tomcat.TomcatWebServer [restartedMain] Tomcat initialized with port(s): 9081 (http)
2022-02-23 10:45:33,586 INFO org.apache.juli.logging.DirectJDKLog [restartedMain] Initializing ProtocolHandler ["http-nio-9081"]
2022-02-23 10:45:33,586 INFO org.apache.juli.logging.DirectJDKLog [restartedMain] Starting service [Tomcat]
2022-02-23 10:45:33,586 INFO org.apache.juli.logging.DirectJDKLog [restartedMain] Starting Servlet engine: [Apache Tomcat/9.0.56]
2022-02-23 10:45:33,628 INFO org.apache.juli.logging.DirectJDKLog [restartedMain] Initializing Spring embedded WebApplicationContext
2022-02-23 10:45:33,629 INFO org.springframework.boot.web.servlet.context.ServletWebServerApplicationContext [restartedMain] Root WebApplicationContext: initialization completed in 596 ms
2022-02-23 10:45:33,679 INFO org.hibernate.jpa.internal.util.LogHelper [restartedMain] HHH000204: Processing PersistenceUnitInfo [name: default]
2022-02-23 10:45:33,684 INFO com.zaxxer.hikari.HikariDataSource [restartedMain] HikariPool-9 - Starting...
2022-02-23 10:45:33,763 INFO com.zaxxer.hikari.HikariDataSource [restartedMain] HikariPool-9 - Start completed.
2022-02-23 10:45:33,764 INFO org.hibernate.dialect.Dialect [restartedMain] HHH000400: Using dialect: org.hibernate.dialect.PostgreSQL10Dialect
